\BOOKMARK [0][-]{chapter*.1}{Resumen}{}% 1
\BOOKMARK [0][-]{chapter*.2}{Abstract}{}% 2
\BOOKMARK [0][-]{chapter*.3}{Agradecimientos}{}% 3
\BOOKMARK [0][-]{chapter.1}{Problem\341tica}{}% 4
\BOOKMARK [1][-]{section.1.1}{Causas}{chapter.1}% 5
\BOOKMARK [1][-]{section.1.2}{Problema}{chapter.1}% 6
\BOOKMARK [1][-]{section.1.3}{Consecuencias}{chapter.1}% 7
\BOOKMARK [0][-]{chapter.2}{Marco referencial}{}% 8
\BOOKMARK [1][-]{section.2.1}{Antecedentes}{chapter.2}% 9
\BOOKMARK [1][-]{section.2.2}{Marco te\363rico}{chapter.2}% 10
\BOOKMARK [1][-]{section.2.3}{Marco Conceptual}{chapter.2}% 11
\BOOKMARK [0][-]{chapter.3}{Metodolog\355a}{}% 12
\BOOKMARK [1][-]{section.3.1}{Dise\361o}{chapter.3}% 13
\BOOKMARK [1][-]{section.3.2}{Enfoque}{chapter.3}% 14
\BOOKMARK [1][-]{section.3.3}{Poblaci\363n y muestra}{chapter.3}% 15
\BOOKMARK [1][-]{section.3.4}{M\351todo de recolecci\363n de informaci\363n}{chapter.3}% 16
\BOOKMARK [1][-]{section.3.5}{M\351todo de an\341lisis de informaci\363n}{chapter.3}% 17
\BOOKMARK [0][-]{chapter.4}{An\341lisis y resultados}{}% 18
\BOOKMARK [1][-]{section.4.1}{Comparativa}{chapter.4}% 19
\BOOKMARK [0][-]{chapter.5}{Propuesta}{}% 20
\BOOKMARK [1][-]{section.5.1}{Requisitos}{chapter.5}% 21
\BOOKMARK [0][-]{chapter*.11}{Conclusiones}{}% 22
\BOOKMARK [0][-]{chapter*.12}{Recomendaciones}{}% 23
